[nnUNet-Direct] Total params: 31,190,954 (~31.19M) | Trainable: 31,190,954 (~31.19M)
Starting nnUNet-Direct training for 300 epochs
2026-02-10 20:43:19 | INFO | === Training start ===
2026-02-10 20:43:19 | INFO | Max epochs: 300 | LR: 1.0e-04 | Accum steps: 2 | AMP: True
2026-02-10 20:43:19 | INFO | VAL SlidingWindow roi=(256, 256, 256) overlap=0.25 sw_batch=1
2026-02-10 20:43:19 | INFO | ----------------------------------------
2026-02-10 20:43:19 | INFO | Epoch 1 / 300
2026-02-10 20:49:16 | INFO | Train  | loss 1.2352 | dice 0.2430
2026-02-10 20:50:35 | INFO | Val    | loss 1.6750 | dice 0.1612
2026-02-10 20:50:36 | INFO | Saved new best model (epoch 1)
2026-02-10 20:50:36 | INFO | Current LR 0.000100
2026-02-10 20:50:36 | INFO | ----------------------------------------
2026-02-10 20:50:36 | INFO | Epoch 2 / 300
2026-02-10 20:56:21 | INFO | Train  | loss 1.1300 | dice 0.4685
2026-02-10 20:57:40 | INFO | Val    | loss 1.7228 | dice 0.2353
2026-02-10 20:57:41 | INFO | Saved new best model (epoch 2)
2026-02-10 20:57:41 | INFO | Current LR 0.000100
2026-02-10 20:57:41 | INFO | ----------------------------------------
2026-02-10 20:57:41 | INFO | Epoch 3 / 300
2026-02-10 21:03:25 | INFO | Train  | loss 1.0336 | dice 0.4958
2026-02-10 21:04:43 | INFO | Val    | loss 1.8387 | dice 0.1814
2026-02-10 21:04:43 | INFO | Current LR 0.000100
2026-02-10 21:04:43 | INFO | ----------------------------------------
2026-02-10 21:04:43 | INFO | Epoch 4 / 300
2026-02-10 21:10:27 | INFO | Train  | loss 0.9425 | dice 0.5681
2026-02-10 21:11:44 | INFO | Val    | loss 1.4219 | dice 0.2926
2026-02-10 21:11:46 | INFO | Saved new best model (epoch 4)
2026-02-10 21:11:46 | INFO | Current LR 0.000100
2026-02-10 21:11:46 | INFO | ----------------------------------------
2026-02-10 21:11:46 | INFO | Epoch 5 / 300
2026-02-10 21:17:29 | INFO | Train  | loss 0.8546 | dice 0.6443
2026-02-10 21:18:46 | INFO | Val    | loss 2.1585 | dice 0.2259
2026-02-10 21:18:46 | INFO | Current LR 0.000100
2026-02-10 21:18:46 | INFO | ----------------------------------------
2026-02-10 21:18:46 | INFO | Epoch 6 / 300
2026-02-10 21:24:30 | INFO | Train  | loss 0.7506 | dice 0.7280
2026-02-10 21:25:48 | INFO | Val    | loss 1.3893 | dice 0.2973
2026-02-10 21:25:49 | INFO | Saved new best model (epoch 6)
2026-02-10 21:25:49 | INFO | Current LR 0.000100
2026-02-10 21:25:49 | INFO | ----------------------------------------
2026-02-10 21:25:49 | INFO | Epoch 7 / 300
2026-02-10 21:31:33 | INFO | Train  | loss 0.7030 | dice 0.7475
2026-02-10 21:32:51 | INFO | Val    | loss 1.6705 | dice 0.3077
2026-02-10 21:32:52 | INFO | Saved new best model (epoch 7)
2026-02-10 21:32:52 | INFO | Current LR 0.000100
2026-02-10 21:32:52 | INFO | ----------------------------------------
2026-02-10 21:32:52 | INFO | Epoch 8 / 300
2026-02-10 21:38:35 | INFO | Train  | loss 0.6209 | dice 0.7908
2026-02-10 21:39:53 | INFO | Val    | loss 2.7673 | dice 0.2120
2026-02-10 21:39:53 | INFO | Current LR 0.000100
2026-02-10 21:39:53 | INFO | ----------------------------------------
2026-02-10 21:39:53 | INFO | Epoch 9 / 300
2026-02-10 21:45:37 | INFO | Train  | loss 0.5734 | dice 0.8004
2026-02-10 21:46:54 | INFO | Val    | loss 1.6978 | dice 0.2902
2026-02-10 21:46:54 | INFO | Current LR 0.000100
2026-02-10 21:46:54 | INFO | ----------------------------------------
2026-02-10 21:46:54 | INFO | Epoch 10 / 300
2026-02-10 21:52:38 | INFO | Train  | loss 0.5033 | dice 0.8379
2026-02-10 21:53:55 | INFO | Val    | loss 1.9002 | dice 0.2908
2026-02-10 21:53:55 | INFO | Current LR 0.000080
2026-02-10 21:53:55 | INFO | ----------------------------------------
2026-02-10 21:53:55 | INFO | Epoch 11 / 300
2026-02-10 21:59:39 | INFO | Train  | loss 0.4625 | dice 0.8482
2026-02-10 22:00:57 | INFO | Val    | loss 1.1727 | dice 0.3086
2026-02-10 22:00:58 | INFO | Saved new best model (epoch 11)
2026-02-10 22:00:58 | INFO | Current LR 0.000080
2026-02-10 22:00:58 | INFO | ----------------------------------------
2026-02-10 22:00:58 | INFO | Epoch 12 / 300
2026-02-10 22:06:42 | INFO | Train  | loss 0.4278 | dice 0.8403
2026-02-10 22:07:59 | INFO | Val    | loss 2.4857 | dice 0.2895
2026-02-10 22:08:00 | INFO | Current LR 0.000080
2026-02-10 22:08:00 | INFO | ----------------------------------------
2026-02-10 22:08:00 | INFO | Epoch 13 / 300
2026-02-10 22:13:43 | INFO | Train  | loss 0.3883 | dice 0.8509
2026-02-10 22:15:01 | INFO | Val    | loss 2.7521 | dice 0.2975
2026-02-10 22:15:01 | INFO | Current LR 0.000080
2026-02-10 22:15:01 | INFO | ----------------------------------------
2026-02-10 22:15:01 | INFO | Epoch 14 / 300
2026-02-10 22:20:44 | INFO | Train  | loss 0.3639 | dice 0.8392
2026-02-10 22:22:02 | INFO | Val    | loss 1.6334 | dice 0.3680
2026-02-10 22:22:03 | INFO | Saved new best model (epoch 14)
2026-02-10 22:22:03 | INFO | Current LR 0.000080
2026-02-10 22:22:03 | INFO | ----------------------------------------
2026-02-10 22:22:03 | INFO | Epoch 15 / 300
2026-02-10 22:27:46 | INFO | Train  | loss 0.3200 | dice 0.8587
2026-02-10 22:29:04 | INFO | Val    | loss 2.7484 | dice 0.2673
2026-02-10 22:29:04 | INFO | Current LR 0.000080
2026-02-10 22:29:04 | INFO | ----------------------------------------
2026-02-10 22:29:04 | INFO | Epoch 16 / 300
2026-02-10 22:34:47 | INFO | Train  | loss 0.2790 | dice 0.8754
2026-02-10 22:36:04 | INFO | Val    | loss 2.4185 | dice 0.3292
2026-02-10 22:36:04 | INFO | Current LR 0.000080
2026-02-10 22:36:04 | INFO | ----------------------------------------
2026-02-10 22:36:04 | INFO | Epoch 17 / 300
2026-02-10 22:41:47 | INFO | Train  | loss 0.2528 | dice 0.8675
2026-02-10 22:43:04 | INFO | Val    | loss 1.9001 | dice 0.3414
2026-02-10 22:43:04 | INFO | Current LR 0.000080
2026-02-10 22:43:04 | INFO | ----------------------------------------
2026-02-10 22:43:04 | INFO | Epoch 18 / 300
2026-02-10 22:48:48 | INFO | Train  | loss 0.2285 | dice 0.8739
2026-02-10 22:50:05 | INFO | Val    | loss 2.5599 | dice 0.2835
2026-02-10 22:50:05 | INFO | Current LR 0.000080
2026-02-10 22:50:05 | INFO | ----------------------------------------
2026-02-10 22:50:05 | INFO | Epoch 19 / 300
2026-02-10 22:55:48 | INFO | Train  | loss 0.2224 | dice 0.8633
2026-02-10 22:57:06 | INFO | Val    | loss 1.5396 | dice 0.3248
2026-02-10 22:57:06 | INFO | Current LR 0.000080
2026-02-10 22:57:06 | INFO | ----------------------------------------
2026-02-10 22:57:06 | INFO | Epoch 20 / 300
2026-02-10 23:02:49 | INFO | Train  | loss 0.2040 | dice 0.8557
2026-02-10 23:04:06 | INFO | Val    | loss 0.5629 | dice 0.5211
2026-02-10 23:04:08 | INFO | Saved new best model (epoch 20)
2026-02-10 23:04:08 | INFO | Current LR 0.000064
2026-02-10 23:04:08 | INFO | ----------------------------------------
2026-02-10 23:04:08 | INFO | Epoch 21 / 300
2026-02-10 23:09:50 | INFO | Train  | loss 0.1683 | dice 0.8748
2026-02-10 23:11:08 | INFO | Val    | loss 1.0637 | dice 0.4424
2026-02-10 23:11:08 | INFO | Current LR 0.000064
2026-02-10 23:11:08 | INFO | ----------------------------------------
2026-02-10 23:11:08 | INFO | Epoch 22 / 300
2026-02-10 23:16:51 | INFO | Train  | loss 0.1550 | dice 0.8817
2026-02-10 23:18:09 | INFO | Val    | loss 2.0784 | dice 0.3789
2026-02-10 23:18:09 | INFO | Current LR 0.000064
2026-02-10 23:18:09 | INFO | ----------------------------------------
2026-02-10 23:18:09 | INFO | Epoch 23 / 300
2026-02-10 23:23:52 | INFO | Train  | loss 0.1453 | dice 0.8806
2026-02-10 23:25:09 | INFO | Val    | loss 1.1010 | dice 0.4457
2026-02-10 23:25:09 | INFO | Current LR 0.000064
2026-02-10 23:25:09 | INFO | ----------------------------------------
2026-02-10 23:25:09 | INFO | Epoch 24 / 300
2026-02-10 23:30:52 | INFO | Train  | loss 0.1313 | dice 0.8833
2026-02-10 23:32:10 | INFO | Val    | loss 0.6915 | dice 0.5321
2026-02-10 23:32:11 | INFO | Saved new best model (epoch 24)
2026-02-10 23:32:11 | INFO | Current LR 0.000064
2026-02-10 23:32:11 | INFO | ----------------------------------------
2026-02-10 23:32:11 | INFO | Epoch 25 / 300
2026-02-10 23:37:54 | INFO | Train  | loss 0.1200 | dice 0.8945
2026-02-10 23:39:12 | INFO | Val    | loss 1.1108 | dice 0.4428
2026-02-10 23:39:12 | INFO | Current LR 0.000064
2026-02-10 23:39:12 | INFO | ----------------------------------------
2026-02-10 23:39:12 | INFO | Epoch 26 / 300
2026-02-10 23:44:55 | INFO | Train  | loss 0.1127 | dice 0.8904
2026-02-10 23:46:12 | INFO | Val    | loss 1.0890 | dice 0.4254
2026-02-10 23:46:12 | INFO | Current LR 0.000064
2026-02-10 23:46:12 | INFO | ----------------------------------------
2026-02-10 23:46:12 | INFO | Epoch 27 / 300
2026-02-10 23:51:55 | INFO | Train  | loss 0.1062 | dice 0.8935
2026-02-10 23:53:13 | INFO | Val    | loss 1.1779 | dice 0.4185
2026-02-10 23:53:13 | INFO | Current LR 0.000064
2026-02-10 23:53:13 | INFO | ----------------------------------------
2026-02-10 23:53:13 | INFO | Epoch 28 / 300
2026-02-10 23:58:56 | INFO | Train  | loss 0.0978 | dice 0.8936
2026-02-11 00:00:14 | INFO | Val    | loss 1.7285 | dice 0.3288
2026-02-11 00:00:14 | INFO | Current LR 0.000064
2026-02-11 00:00:14 | INFO | ----------------------------------------
2026-02-11 00:00:14 | INFO | Epoch 29 / 300
2026-02-11 00:05:57 | INFO | Train  | loss 0.1120 | dice 0.8808
2026-02-11 00:07:18 | INFO | Val    | loss 1.0006 | dice 0.4113
2026-02-11 00:07:18 | INFO | Current LR 0.000064
2026-02-11 00:07:19 | INFO | ----------------------------------------
2026-02-11 00:07:19 | INFO | Epoch 30 / 300
2026-02-11 00:13:02 | INFO | Train  | loss 0.0994 | dice 0.8900
2026-02-11 00:14:19 | INFO | Val    | loss 1.1825 | dice 0.3742
2026-02-11 00:14:19 | INFO | Current LR 0.000051
2026-02-11 00:14:19 | INFO | ----------------------------------------
2026-02-11 00:14:19 | INFO | Epoch 31 / 300
2026-02-11 00:20:03 | INFO | Train  | loss 0.0910 | dice 0.8939
2026-02-11 00:21:20 | INFO | Val    | loss 0.5759 | dice 0.4848
2026-02-11 00:21:20 | INFO | Current LR 0.000051
2026-02-11 00:21:20 | INFO | ----------------------------------------
2026-02-11 00:21:20 | INFO | Epoch 32 / 300
2026-02-11 00:27:03 | INFO | Train  | loss 0.0921 | dice 0.8913
2026-02-11 00:28:21 | INFO | Val    | loss 0.9725 | dice 0.3831
2026-02-11 00:28:21 | INFO | Current LR 0.000051
2026-02-11 00:28:21 | INFO | ----------------------------------------
2026-02-11 00:28:21 | INFO | Epoch 33 / 300
2026-02-11 00:34:04 | INFO | Train  | loss 0.0839 | dice 0.8982
2026-02-11 00:35:21 | INFO | Val    | loss 0.6784 | dice 0.4330
2026-02-11 00:35:21 | INFO | Current LR 0.000051
2026-02-11 00:35:21 | INFO | ----------------------------------------
2026-02-11 00:35:21 | INFO | Epoch 34 / 300
2026-02-11 00:41:04 | INFO | Train  | loss 0.0814 | dice 0.9016
2026-02-11 00:42:22 | INFO | Val    | loss 0.6291 | dice 0.4529
2026-02-11 00:42:22 | INFO | Current LR 0.000051
2026-02-11 00:42:22 | INFO | ----------------------------------------
2026-02-11 00:42:22 | INFO | Epoch 35 / 300
2026-02-11 00:48:05 | INFO | Train  | loss 0.0828 | dice 0.8982
2026-02-11 00:49:22 | INFO | Val    | loss 0.4626 | dice 0.5131
2026-02-11 00:49:22 | INFO | Current LR 0.000051
2026-02-11 00:49:22 | INFO | ----------------------------------------
2026-02-11 00:49:22 | INFO | Epoch 36 / 300
2026-02-11 00:55:05 | INFO | Train  | loss 0.0760 | dice 0.9012
2026-02-11 00:56:23 | INFO | Val    | loss 0.5012 | dice 0.5221
2026-02-11 00:56:23 | INFO | Current LR 0.000051
2026-02-11 00:56:23 | INFO | ----------------------------------------
2026-02-11 00:56:23 | INFO | Epoch 37 / 300
2026-02-11 01:02:05 | INFO | Train  | loss 0.0737 | dice 0.9030
2026-02-11 01:03:23 | INFO | Val    | loss 0.5066 | dice 0.5336
2026-02-11 01:03:24 | INFO | Saved new best model (epoch 37)
2026-02-11 01:03:24 | INFO | Current LR 0.000051
2026-02-11 01:03:24 | INFO | ----------------------------------------
2026-02-11 01:03:24 | INFO | Epoch 38 / 300
2026-02-11 01:09:08 | INFO | Train  | loss 0.0849 | dice 0.8941
2026-02-11 01:10:25 | INFO | Val    | loss 0.6347 | dice 0.5041
2026-02-11 01:10:25 | INFO | Current LR 0.000051
2026-02-11 01:10:25 | INFO | ----------------------------------------
2026-02-11 01:10:25 | INFO | Epoch 39 / 300
2026-02-11 01:16:08 | INFO | Train  | loss 0.0851 | dice 0.8948
2026-02-11 01:17:26 | INFO | Val    | loss 0.8406 | dice 0.4279
2026-02-11 01:17:26 | INFO | Current LR 0.000051
2026-02-11 01:17:26 | INFO | ----------------------------------------
2026-02-11 01:17:26 | INFO | Epoch 40 / 300
2026-02-11 01:23:09 | INFO | Train  | loss 0.0687 | dice 0.9042
2026-02-11 01:24:26 | INFO | Val    | loss 0.8112 | dice 0.4386
2026-02-11 01:24:26 | INFO | Current LR 0.000041
2026-02-11 01:24:26 | INFO | ----------------------------------------
2026-02-11 01:24:26 | INFO | Epoch 41 / 300
2026-02-11 01:30:09 | INFO | Train  | loss 0.0698 | dice 0.9060
2026-02-11 01:31:27 | INFO | Val    | loss 0.8642 | dice 0.4125
2026-02-11 01:31:27 | INFO | Current LR 0.000041
2026-02-11 01:31:27 | INFO | ----------------------------------------
2026-02-11 01:31:27 | INFO | Epoch 42 / 300
2026-02-11 01:37:10 | INFO | Train  | loss 0.0775 | dice 0.8997
2026-02-11 01:38:28 | INFO | Val    | loss 0.6996 | dice 0.3316
2026-02-11 01:38:28 | INFO | Current LR 0.000041
2026-02-11 01:38:28 | INFO | ----------------------------------------
2026-02-11 01:38:28 | INFO | Epoch 43 / 300
2026-02-11 01:44:11 | INFO | Train  | loss 0.0726 | dice 0.9034
2026-02-11 01:45:28 | INFO | Val    | loss 0.9733 | dice 0.4463
2026-02-11 01:45:28 | INFO | Current LR 0.000041
2026-02-11 01:45:28 | INFO | ----------------------------------------
2026-02-11 01:45:28 | INFO | Epoch 44 / 300
2026-02-11 01:51:11 | INFO | Train  | loss 0.0689 | dice 0.9021
2026-02-11 01:52:29 | INFO | Val    | loss 0.7905 | dice 0.4726
2026-02-11 01:52:29 | INFO | Current LR 0.000041
2026-02-11 01:52:29 | INFO | ----------------------------------------
2026-02-11 01:52:29 | INFO | Epoch 45 / 300
2026-02-11 01:58:11 | INFO | Train  | loss 0.0662 | dice 0.9081
2026-02-11 01:59:29 | INFO | Val    | loss 0.6677 | dice 0.4993
2026-02-11 01:59:29 | INFO | Current LR 0.000041
2026-02-11 01:59:29 | INFO | ----------------------------------------
2026-02-11 01:59:29 | INFO | Epoch 46 / 300
2026-02-11 02:05:12 | INFO | Train  | loss 0.0657 | dice 0.9091
2026-02-11 02:06:29 | INFO | Val    | loss 1.4791 | dice 0.3419
2026-02-11 02:06:29 | INFO | Current LR 0.000041
2026-02-11 02:06:29 | INFO | ----------------------------------------
2026-02-11 02:06:29 | INFO | Epoch 47 / 300
2026-02-11 02:12:12 | INFO | Train  | loss 0.0713 | dice 0.9095
2026-02-11 02:13:30 | INFO | Val    | loss 1.2505 | dice 0.3614
2026-02-11 02:13:30 | INFO | Current LR 0.000041
2026-02-11 02:13:30 | INFO | ----------------------------------------
2026-02-11 02:13:30 | INFO | Epoch 48 / 300
2026-02-11 02:19:12 | INFO | Train  | loss 0.0690 | dice 0.8990
2026-02-11 02:20:30 | INFO | Val    | loss 1.4921 | dice 0.3515
2026-02-11 02:20:30 | INFO | Current LR 0.000041
2026-02-11 02:20:30 | INFO | ----------------------------------------
2026-02-11 02:20:30 | INFO | Epoch 49 / 300
2026-02-11 02:26:12 | INFO | Train  | loss 0.0651 | dice 0.9079
2026-02-11 02:27:30 | INFO | Val    | loss 1.8130 | dice 0.2976
2026-02-11 02:27:30 | INFO | Current LR 0.000041
2026-02-11 02:27:30 | INFO | ----------------------------------------
2026-02-11 02:27:30 | INFO | Epoch 50 / 300
2026-02-11 02:33:13 | INFO | Train  | loss 0.0783 | dice 0.8928
2026-02-11 02:34:30 | INFO | Val    | loss 1.8317 | dice 0.3349
2026-02-11 02:34:30 | INFO | Current LR 0.000033
2026-02-11 02:34:30 | INFO | ----------------------------------------
2026-02-11 02:34:30 | INFO | Epoch 51 / 300
2026-02-11 02:40:13 | INFO | Train  | loss 0.0687 | dice 0.9046
2026-02-11 02:41:31 | INFO | Val    | loss 0.8372 | dice 0.4949
2026-02-11 02:41:31 | INFO | Current LR 0.000033
2026-02-11 02:41:31 | INFO | ----------------------------------------
2026-02-11 02:41:31 | INFO | Epoch 52 / 300
2026-02-11 02:47:13 | INFO | Train  | loss 0.0644 | dice 0.9036
2026-02-11 02:48:30 | INFO | Val    | loss 1.2323 | dice 0.4180
2026-02-11 02:48:30 | INFO | Current LR 0.000033
2026-02-11 02:48:30 | INFO | ----------------------------------------
2026-02-11 02:48:30 | INFO | Epoch 53 / 300
2026-02-11 02:54:13 | INFO | Train  | loss 0.0618 | dice 0.9088
2026-02-11 02:55:30 | INFO | Val    | loss 0.8394 | dice 0.4756
2026-02-11 02:55:30 | INFO | Current LR 0.000033
2026-02-11 02:55:30 | INFO | ----------------------------------------
2026-02-11 02:55:30 | INFO | Epoch 54 / 300
2026-02-11 03:01:13 | INFO | Train  | loss 0.0613 | dice 0.9078
2026-02-11 03:02:31 | INFO | Val    | loss 1.3281 | dice 0.4108
2026-02-11 03:02:31 | INFO | Current LR 0.000033
2026-02-11 03:02:31 | INFO | ----------------------------------------
2026-02-11 03:02:31 | INFO | Epoch 55 / 300
2026-02-11 03:08:14 | INFO | Train  | loss 0.0575 | dice 0.9125
2026-02-11 03:09:31 | INFO | Val    | loss 1.2187 | dice 0.4090
2026-02-11 03:09:31 | INFO | Current LR 0.000033
2026-02-11 03:09:31 | INFO | ----------------------------------------
2026-02-11 03:09:31 | INFO | Epoch 56 / 300
2026-02-11 03:15:14 | INFO | Train  | loss 0.0615 | dice 0.9103
2026-02-11 03:16:31 | INFO | Val    | loss 1.0933 | dice 0.4437
2026-02-11 03:16:31 | INFO | Current LR 0.000033
2026-02-11 03:16:31 | INFO | ----------------------------------------
2026-02-11 03:16:31 | INFO | Epoch 57 / 300
2026-02-11 03:22:14 | INFO | Train  | loss 0.0596 | dice 0.9124
2026-02-11 03:23:31 | INFO | Val    | loss 1.8326 | dice 0.3480
2026-02-11 03:23:31 | INFO | Current LR 0.000033
2026-02-11 03:23:31 | INFO | ----------------------------------------
2026-02-11 03:23:31 | INFO | Epoch 58 / 300
2026-02-11 03:29:14 | INFO | Train  | loss 0.0588 | dice 0.9131
2026-02-11 03:30:31 | INFO | Val    | loss 1.3513 | dice 0.4295
2026-02-11 03:30:31 | INFO | Current LR 0.000033
2026-02-11 03:30:31 | INFO | ----------------------------------------
2026-02-11 03:30:31 | INFO | Epoch 59 / 300
2026-02-11 03:36:14 | INFO | Train  | loss 0.0594 | dice 0.9121
2026-02-11 03:37:31 | INFO | Val    | loss 1.2860 | dice 0.4103
2026-02-11 03:37:31 | INFO | Current LR 0.000033
2026-02-11 03:37:31 | INFO | ----------------------------------------
2026-02-11 03:37:31 | INFO | Epoch 60 / 300
2026-02-11 03:43:14 | INFO | Train  | loss 0.0614 | dice 0.9126
2026-02-11 03:44:31 | INFO | Val    | loss 1.3852 | dice 0.4168
2026-02-11 03:44:31 | INFO | Current LR 0.000026
2026-02-11 03:44:31 | INFO | ----------------------------------------
2026-02-11 03:44:31 | INFO | Epoch 61 / 300
2026-02-11 03:50:15 | INFO | Train  | loss 0.0591 | dice 0.9090
2026-02-11 03:51:32 | INFO | Val    | loss 1.1786 | dice 0.4304
2026-02-11 03:51:32 | INFO | Current LR 0.000026
2026-02-11 03:51:32 | INFO | ----------------------------------------
2026-02-11 03:51:32 | INFO | Epoch 62 / 300
2026-02-11 03:57:15 | INFO | Train  | loss 0.0688 | dice 0.9153
2026-02-11 03:58:32 | INFO | Val    | loss 0.9783 | dice 0.4760
2026-02-11 03:58:32 | INFO | Current LR 0.000026
2026-02-11 03:58:32 | INFO | ----------------------------------------
2026-02-11 03:58:32 | INFO | Epoch 63 / 300
2026-02-11 04:04:15 | INFO | Train  | loss 0.0528 | dice 0.9183
2026-02-11 04:05:33 | INFO | Val    | loss 1.0034 | dice 0.4790
2026-02-11 04:05:33 | INFO | Current LR 0.000026
2026-02-11 04:05:33 | INFO | ----------------------------------------
2026-02-11 04:05:33 | INFO | Epoch 64 / 300
2026-02-11 04:11:16 | INFO | Train  | loss 0.0573 | dice 0.9138
2026-02-11 04:12:33 | INFO | Val    | loss 1.5469 | dice 0.3973
2026-02-11 04:12:33 | INFO | Current LR 0.000026
2026-02-11 04:12:33 | INFO | ----------------------------------------
2026-02-11 04:12:33 | INFO | Epoch 65 / 300
2026-02-11 04:18:16 | INFO | Train  | loss 0.0588 | dice 0.9078
2026-02-11 04:19:33 | INFO | Val    | loss 1.4614 | dice 0.4308
2026-02-11 04:19:33 | INFO | Current LR 0.000026
2026-02-11 04:19:33 | INFO | ----------------------------------------
2026-02-11 04:19:33 | INFO | Epoch 66 / 300
2026-02-11 04:25:16 | INFO | Train  | loss 0.0598 | dice 0.9110
2026-02-11 04:26:34 | INFO | Val    | loss 0.8738 | dice 0.4917
2026-02-11 04:26:34 | INFO | Current LR 0.000026
2026-02-11 04:26:34 | INFO | ----------------------------------------
2026-02-11 04:26:34 | INFO | Epoch 67 / 300
2026-02-11 04:32:17 | INFO | Train  | loss 0.0572 | dice 0.9104
2026-02-11 04:33:34 | INFO | Val    | loss 0.8420 | dice 0.4705
2026-02-11 04:33:34 | INFO | Early stopping triggered (patience 30).
2026-02-11 04:33:34 | INFO | Training done. Best val dice 0.5336 at epoch 37
nnUNet-Direct training completed successfully
