[nnUNet-Direct] Total params: 31,190,954 (~31.19M) | Trainable: 31,190,954 (~31.19M)
Starting nnUNet-Direct training for 300 epochs
2026-02-09 18:31:50 | INFO | === Training start ===
2026-02-09 18:31:50 | INFO | Max epochs: 300 | LR: 1.0e-04 | Accum steps: 2 | AMP: True
2026-02-09 18:31:50 | INFO | VAL SlidingWindow roi=(256, 256, 256) overlap=0.25 sw_batch=1
2026-02-09 18:31:50 | INFO | ----------------------------------------
2026-02-09 18:31:50 | INFO | Epoch 1 / 300
2026-02-09 18:37:36 | INFO | Train  | loss 1.2606 | dice 0.1995
2026-02-09 18:38:57 | INFO | Val    | loss 1.3587 | dice 0.3296
2026-02-09 18:38:58 | INFO | Saved new best model (epoch 1)
2026-02-09 18:38:58 | INFO | Current LR 0.000100
2026-02-09 18:38:58 | INFO | ----------------------------------------
2026-02-09 18:38:58 | INFO | Epoch 2 / 300
2026-02-09 18:44:37 | INFO | Train  | loss 1.1469 | dice 0.4781
2026-02-09 18:45:57 | INFO | Val    | loss 1.2398 | dice 0.3356
2026-02-09 18:45:59 | INFO | Saved new best model (epoch 2)
2026-02-09 18:45:59 | INFO | Current LR 0.000100
2026-02-09 18:45:59 | INFO | ----------------------------------------
2026-02-09 18:45:59 | INFO | Epoch 3 / 300
2026-02-09 18:51:38 | INFO | Train  | loss 1.0642 | dice 0.5974
2026-02-09 18:52:58 | INFO | Val    | loss 1.1177 | dice 0.6136
2026-02-09 18:52:59 | INFO | Saved new best model (epoch 3)
2026-02-09 18:52:59 | INFO | Current LR 0.000100
2026-02-09 18:52:59 | INFO | ----------------------------------------
2026-02-09 18:52:59 | INFO | Epoch 4 / 300
2026-02-09 18:58:38 | INFO | Train  | loss 0.9587 | dice 0.6944
2026-02-09 18:59:58 | INFO | Val    | loss 0.9602 | dice 0.7173
2026-02-09 18:59:59 | INFO | Saved new best model (epoch 4)
2026-02-09 18:59:59 | INFO | Current LR 0.000100
2026-02-09 18:59:59 | INFO | ----------------------------------------
2026-02-09 18:59:59 | INFO | Epoch 5 / 300
2026-02-09 19:05:37 | INFO | Train  | loss 0.8610 | dice 0.7385
2026-02-09 19:06:58 | INFO | Val    | loss 0.8894 | dice 0.7029
2026-02-09 19:06:58 | INFO | Current LR 0.000100
2026-02-09 19:06:58 | INFO | ----------------------------------------
2026-02-09 19:06:58 | INFO | Epoch 6 / 300
2026-02-09 19:12:36 | INFO | Train  | loss 0.8344 | dice 0.6339
2026-02-09 19:13:56 | INFO | Val    | loss 0.8301 | dice 0.6402
2026-02-09 19:13:56 | INFO | Current LR 0.000100
2026-02-09 19:13:56 | INFO | ----------------------------------------
2026-02-09 19:13:56 | INFO | Epoch 7 / 300
2026-02-09 19:19:35 | INFO | Train  | loss 0.7294 | dice 0.7231
2026-02-09 19:20:55 | INFO | Val    | loss 0.7685 | dice 0.6634
2026-02-09 19:20:55 | INFO | Current LR 0.000100
2026-02-09 19:20:55 | INFO | ----------------------------------------
2026-02-09 19:20:55 | INFO | Epoch 8 / 300
2026-02-09 19:26:33 | INFO | Train  | loss 0.6613 | dice 0.7406
2026-02-09 19:27:54 | INFO | Val    | loss 0.7250 | dice 0.6088
2026-02-09 19:27:54 | INFO | Current LR 0.000100
2026-02-09 19:27:54 | INFO | ----------------------------------------
2026-02-09 19:27:54 | INFO | Epoch 9 / 300
2026-02-09 19:33:32 | INFO | Train  | loss 0.6102 | dice 0.7442
2026-02-09 19:34:52 | INFO | Val    | loss 0.5950 | dice 0.7226
2026-02-09 19:34:54 | INFO | Saved new best model (epoch 9)
2026-02-09 19:34:54 | INFO | Current LR 0.000100
2026-02-09 19:34:54 | INFO | ----------------------------------------
2026-02-09 19:34:54 | INFO | Epoch 10 / 300
2026-02-09 19:40:32 | INFO | Train  | loss 0.5502 | dice 0.7671
2026-02-09 19:41:52 | INFO | Val    | loss 0.5170 | dice 0.7381
2026-02-09 19:41:54 | INFO | Saved new best model (epoch 10)
2026-02-09 19:41:54 | INFO | Current LR 0.000080
2026-02-09 19:41:54 | INFO | ----------------------------------------
2026-02-09 19:41:54 | INFO | Epoch 11 / 300
2026-02-09 19:47:32 | INFO | Train  | loss 0.5241 | dice 0.7503
2026-02-09 19:48:52 | INFO | Val    | loss 0.5542 | dice 0.6500
2026-02-09 19:48:52 | INFO | Current LR 0.000080
2026-02-09 19:48:52 | INFO | ----------------------------------------
2026-02-09 19:48:52 | INFO | Epoch 12 / 300
2026-02-09 19:54:30 | INFO | Train  | loss 0.4719 | dice 0.7817
2026-02-09 19:55:50 | INFO | Val    | loss 0.4505 | dice 0.7608
2026-02-09 19:55:52 | INFO | Saved new best model (epoch 12)
2026-02-09 19:55:52 | INFO | Current LR 0.000080
2026-02-09 19:55:52 | INFO | ----------------------------------------
2026-02-09 19:55:52 | INFO | Epoch 13 / 300
2026-02-09 20:01:30 | INFO | Train  | loss 0.4273 | dice 0.8020
2026-02-09 20:02:50 | INFO | Val    | loss 0.3962 | dice 0.7620
2026-02-09 20:02:51 | INFO | Saved new best model (epoch 13)
2026-02-09 20:02:51 | INFO | Current LR 0.000080
2026-02-09 20:02:51 | INFO | ----------------------------------------
2026-02-09 20:02:51 | INFO | Epoch 14 / 300
2026-02-09 20:08:30 | INFO | Train  | loss 0.3998 | dice 0.8011
2026-02-09 20:09:50 | INFO | Val    | loss 0.3768 | dice 0.7684
2026-02-09 20:09:51 | INFO | Saved new best model (epoch 14)
2026-02-09 20:09:51 | INFO | Current LR 0.000080
2026-02-09 20:09:51 | INFO | ----------------------------------------
2026-02-09 20:09:51 | INFO | Epoch 15 / 300
2026-02-09 20:15:29 | INFO | Train  | loss 0.3707 | dice 0.8003
2026-02-09 20:16:50 | INFO | Val    | loss 0.3939 | dice 0.7008
2026-02-09 20:16:50 | INFO | Current LR 0.000080
2026-02-09 20:16:50 | INFO | ----------------------------------------
2026-02-09 20:16:50 | INFO | Epoch 16 / 300
2026-02-09 20:22:28 | INFO | Train  | loss 0.3311 | dice 0.8133
2026-02-09 20:23:48 | INFO | Val    | loss 0.3075 | dice 0.7966
2026-02-09 20:23:49 | INFO | Saved new best model (epoch 16)
2026-02-09 20:23:49 | INFO | Current LR 0.000080
2026-02-09 20:23:49 | INFO | ----------------------------------------
2026-02-09 20:23:49 | INFO | Epoch 17 / 300
2026-02-09 20:29:27 | INFO | Train  | loss 0.3129 | dice 0.8045
2026-02-09 20:30:47 | INFO | Val    | loss 0.2504 | dice 0.8330
2026-02-09 20:30:48 | INFO | Saved new best model (epoch 17)
2026-02-09 20:30:48 | INFO | Current LR 0.000080
2026-02-09 20:30:48 | INFO | ----------------------------------------
2026-02-09 20:30:48 | INFO | Epoch 18 / 300
2026-02-09 20:36:27 | INFO | Train  | loss 0.2670 | dice 0.8315
2026-02-09 20:37:47 | INFO | Val    | loss 0.2310 | dice 0.7948
2026-02-09 20:37:47 | INFO | Current LR 0.000080
2026-02-09 20:37:47 | INFO | ----------------------------------------
2026-02-09 20:37:47 | INFO | Epoch 19 / 300
2026-02-09 20:43:25 | INFO | Train  | loss 0.2404 | dice 0.8382
2026-02-09 20:44:45 | INFO | Val    | loss 0.2013 | dice 0.8176
2026-02-09 20:44:45 | INFO | Current LR 0.000080
2026-02-09 20:44:45 | INFO | ----------------------------------------
2026-02-09 20:44:45 | INFO | Epoch 20 / 300
2026-02-09 20:50:23 | INFO | Train  | loss 0.2367 | dice 0.8251
2026-02-09 20:51:43 | INFO | Val    | loss 0.2036 | dice 0.7945
2026-02-09 20:51:43 | INFO | Current LR 0.000064
2026-02-09 20:51:43 | INFO | ----------------------------------------
2026-02-09 20:51:43 | INFO | Epoch 21 / 300
2026-02-09 20:57:21 | INFO | Train  | loss 0.2230 | dice 0.8200
2026-02-09 20:58:41 | INFO | Val    | loss 0.4056 | dice 0.6064
2026-02-09 20:58:41 | INFO | Current LR 0.000064
2026-02-09 20:58:41 | INFO | ----------------------------------------
2026-02-09 20:58:41 | INFO | Epoch 22 / 300
2026-02-09 21:04:19 | INFO | Train  | loss 0.1913 | dice 0.8388
2026-02-09 21:05:39 | INFO | Val    | loss 0.1776 | dice 0.8134
2026-02-09 21:05:39 | INFO | Current LR 0.000064
2026-02-09 21:05:39 | INFO | ----------------------------------------
2026-02-09 21:05:39 | INFO | Epoch 23 / 300
2026-02-09 21:11:17 | INFO | Train  | loss 0.1705 | dice 0.8481
2026-02-09 21:12:37 | INFO | Val    | loss 0.1487 | dice 0.8434
2026-02-09 21:12:39 | INFO | Saved new best model (epoch 23)
2026-02-09 21:12:39 | INFO | Current LR 0.000064
2026-02-09 21:12:39 | INFO | ----------------------------------------
2026-02-09 21:12:39 | INFO | Epoch 24 / 300
2026-02-09 21:18:16 | INFO | Train  | loss 0.1655 | dice 0.8475
2026-02-09 21:19:37 | INFO | Val    | loss 0.1457 | dice 0.8335
2026-02-09 21:19:37 | INFO | Current LR 0.000064
2026-02-09 21:19:37 | INFO | ----------------------------------------
2026-02-09 21:19:37 | INFO | Epoch 25 / 300
2026-02-09 21:25:15 | INFO | Train  | loss 0.1587 | dice 0.8517
2026-02-09 21:26:36 | INFO | Val    | loss 0.1420 | dice 0.8288
2026-02-09 21:26:36 | INFO | Current LR 0.000064
2026-02-09 21:26:36 | INFO | ----------------------------------------
2026-02-09 21:26:36 | INFO | Epoch 26 / 300
2026-02-09 21:32:13 | INFO | Train  | loss 0.1527 | dice 0.8443
2026-02-09 21:33:34 | INFO | Val    | loss 0.1407 | dice 0.8312
2026-02-09 21:33:34 | INFO | Current LR 0.000064
2026-02-09 21:33:34 | INFO | ----------------------------------------
2026-02-09 21:33:34 | INFO | Epoch 27 / 300
2026-02-09 21:39:11 | INFO | Train  | loss 0.1303 | dice 0.8604
2026-02-09 21:40:32 | INFO | Val    | loss 0.1175 | dice 0.8556
2026-02-09 21:40:33 | INFO | Saved new best model (epoch 27)
2026-02-09 21:40:33 | INFO | Current LR 0.000064
2026-02-09 21:40:33 | INFO | ----------------------------------------
2026-02-09 21:40:33 | INFO | Epoch 28 / 300
2026-02-09 21:46:11 | INFO | Train  | loss 0.1295 | dice 0.8603
2026-02-09 21:47:31 | INFO | Val    | loss 0.1249 | dice 0.8468
2026-02-09 21:47:31 | INFO | Current LR 0.000064
2026-02-09 21:47:31 | INFO | ----------------------------------------
2026-02-09 21:47:31 | INFO | Epoch 29 / 300
2026-02-09 21:53:09 | INFO | Train  | loss 0.1243 | dice 0.8611
2026-02-09 21:54:29 | INFO | Val    | loss 0.1079 | dice 0.8614
2026-02-09 21:54:30 | INFO | Saved new best model (epoch 29)
2026-02-09 21:54:30 | INFO | Current LR 0.000064
2026-02-09 21:54:30 | INFO | ----------------------------------------
2026-02-09 21:54:30 | INFO | Epoch 30 / 300
2026-02-09 22:00:08 | INFO | Train  | loss 0.1139 | dice 0.8672
2026-02-09 22:01:28 | INFO | Val    | loss 0.1049 | dice 0.8642
2026-02-09 22:01:29 | INFO | Saved new best model (epoch 30)
2026-02-09 22:01:29 | INFO | Current LR 0.000051
2026-02-09 22:01:29 | INFO | ----------------------------------------
2026-02-09 22:01:29 | INFO | Epoch 31 / 300
2026-02-09 22:07:07 | INFO | Train  | loss 0.1254 | dice 0.8604
2026-02-09 22:08:27 | INFO | Val    | loss 0.1029 | dice 0.8613
2026-02-09 22:08:27 | INFO | Current LR 0.000051
2026-02-09 22:08:27 | INFO | ----------------------------------------
2026-02-09 22:08:27 | INFO | Epoch 32 / 300
2026-02-09 22:14:05 | INFO | Train  | loss 0.1119 | dice 0.8700
2026-02-09 22:15:25 | INFO | Val    | loss 0.1111 | dice 0.8498
2026-02-09 22:15:25 | INFO | Current LR 0.000051
2026-02-09 22:15:25 | INFO | ----------------------------------------
2026-02-09 22:15:25 | INFO | Epoch 33 / 300
2026-02-09 22:21:03 | INFO | Train  | loss 0.1068 | dice 0.8699
2026-02-09 22:22:23 | INFO | Val    | loss 0.0978 | dice 0.8683
2026-02-09 22:22:24 | INFO | Saved new best model (epoch 33)
2026-02-09 22:22:24 | INFO | Current LR 0.000051
2026-02-09 22:22:24 | INFO | ----------------------------------------
2026-02-09 22:22:24 | INFO | Epoch 34 / 300
2026-02-09 22:28:02 | INFO | Train  | loss 0.1001 | dice 0.8722
2026-02-09 22:29:22 | INFO | Val    | loss 0.0971 | dice 0.8662
2026-02-09 22:29:22 | INFO | Current LR 0.000051
2026-02-09 22:29:22 | INFO | ----------------------------------------
2026-02-09 22:29:22 | INFO | Epoch 35 / 300
2026-02-09 22:35:00 | INFO | Train  | loss 0.1133 | dice 0.8614
2026-02-09 22:36:20 | INFO | Val    | loss 0.0978 | dice 0.8646
2026-02-09 22:36:20 | INFO | Current LR 0.000051
2026-02-09 22:36:20 | INFO | ----------------------------------------
2026-02-09 22:36:20 | INFO | Epoch 36 / 300
2026-02-09 22:41:58 | INFO | Train  | loss 0.0964 | dice 0.8721
2026-02-09 22:43:18 | INFO | Val    | loss 0.0911 | dice 0.8733
2026-02-09 22:43:19 | INFO | Saved new best model (epoch 36)
2026-02-09 22:43:19 | INFO | Current LR 0.000051
2026-02-09 22:43:19 | INFO | ----------------------------------------
2026-02-09 22:43:19 | INFO | Epoch 37 / 300
2026-02-09 22:48:57 | INFO | Train  | loss 0.1168 | dice 0.8530
2026-02-09 22:50:17 | INFO | Val    | loss 0.1019 | dice 0.8556
2026-02-09 22:50:17 | INFO | Current LR 0.000051
2026-02-09 22:50:17 | INFO | ----------------------------------------
2026-02-09 22:50:17 | INFO | Epoch 38 / 300
2026-02-09 22:55:54 | INFO | Train  | loss 0.0979 | dice 0.8689
2026-02-09 22:57:15 | INFO | Val    | loss 0.0969 | dice 0.8607
2026-02-09 22:57:15 | INFO | Current LR 0.000051
2026-02-09 22:57:15 | INFO | ----------------------------------------
2026-02-09 22:57:15 | INFO | Epoch 39 / 300
2026-02-09 23:02:52 | INFO | Train  | loss 0.0937 | dice 0.8761
2026-02-09 23:04:12 | INFO | Val    | loss 0.0934 | dice 0.8686
2026-02-09 23:04:12 | INFO | Current LR 0.000051
2026-02-09 23:04:12 | INFO | ----------------------------------------
2026-02-09 23:04:12 | INFO | Epoch 40 / 300
2026-02-09 23:09:50 | INFO | Train  | loss 0.0892 | dice 0.8769
2026-02-09 23:11:10 | INFO | Val    | loss 0.0878 | dice 0.8742
2026-02-09 23:11:11 | INFO | Saved new best model (epoch 40)
2026-02-09 23:11:11 | INFO | Current LR 0.000041
2026-02-09 23:11:11 | INFO | ----------------------------------------
2026-02-09 23:11:11 | INFO | Epoch 41 / 300
2026-02-09 23:16:49 | INFO | Train  | loss 0.0942 | dice 0.8757
2026-02-09 23:18:09 | INFO | Val    | loss 0.0874 | dice 0.8741
2026-02-09 23:18:09 | INFO | Current LR 0.000041
2026-02-09 23:18:09 | INFO | ----------------------------------------
2026-02-09 23:18:09 | INFO | Epoch 42 / 300
2026-02-09 23:23:46 | INFO | Train  | loss 0.0904 | dice 0.8701
2026-02-09 23:25:06 | INFO | Val    | loss 0.0866 | dice 0.8745
2026-02-09 23:25:08 | INFO | Saved new best model (epoch 42)
2026-02-09 23:25:08 | INFO | Current LR 0.000041
2026-02-09 23:25:08 | INFO | ----------------------------------------
2026-02-09 23:25:08 | INFO | Epoch 43 / 300
2026-02-09 23:30:45 | INFO | Train  | loss 0.0839 | dice 0.8795
2026-02-09 23:32:05 | INFO | Val    | loss 0.0910 | dice 0.8688
2026-02-09 23:32:05 | INFO | Current LR 0.000041
2026-02-09 23:32:05 | INFO | ----------------------------------------
2026-02-09 23:32:05 | INFO | Epoch 44 / 300
2026-02-09 23:37:42 | INFO | Train  | loss 0.0870 | dice 0.8776
2026-02-09 23:39:02 | INFO | Val    | loss 0.0865 | dice 0.8737
2026-02-09 23:39:02 | INFO | Current LR 0.000041
2026-02-09 23:39:03 | INFO | ----------------------------------------
2026-02-09 23:39:03 | INFO | Epoch 45 / 300
2026-02-09 23:44:40 | INFO | Train  | loss 0.0822 | dice 0.8803
2026-02-09 23:46:00 | INFO | Val    | loss 0.0849 | dice 0.8764
2026-02-09 23:46:01 | INFO | Saved new best model (epoch 45)
2026-02-09 23:46:01 | INFO | Current LR 0.000041
2026-02-09 23:46:01 | INFO | ----------------------------------------
2026-02-09 23:46:01 | INFO | Epoch 46 / 300
2026-02-09 23:51:38 | INFO | Train  | loss 0.0849 | dice 0.8894
2026-02-09 23:52:59 | INFO | Val    | loss 0.1200 | dice 0.8275
2026-02-09 23:52:59 | INFO | Current LR 0.000041
2026-02-09 23:52:59 | INFO | ----------------------------------------
2026-02-09 23:52:59 | INFO | Epoch 47 / 300
2026-02-09 23:58:36 | INFO | Train  | loss 0.0939 | dice 0.8666
2026-02-09 23:59:57 | INFO | Val    | loss 0.0899 | dice 0.8691
2026-02-09 23:59:57 | INFO | Current LR 0.000041
2026-02-09 23:59:57 | INFO | ----------------------------------------
2026-02-09 23:59:57 | INFO | Epoch 48 / 300
2026-02-10 00:05:34 | INFO | Train  | loss 0.0878 | dice 0.8771
2026-02-10 00:06:54 | INFO | Val    | loss 0.0884 | dice 0.8718
2026-02-10 00:06:54 | INFO | Current LR 0.000041
2026-02-10 00:06:54 | INFO | ----------------------------------------
2026-02-10 00:06:54 | INFO | Epoch 49 / 300
2026-02-10 00:12:32 | INFO | Train  | loss 0.0858 | dice 0.8749
2026-02-10 00:13:52 | INFO | Val    | loss 0.0817 | dice 0.8806
2026-02-10 00:13:53 | INFO | Saved new best model (epoch 49)
2026-02-10 00:13:53 | INFO | Current LR 0.000041
2026-02-10 00:13:53 | INFO | ----------------------------------------
2026-02-10 00:13:53 | INFO | Epoch 50 / 300
2026-02-10 00:19:31 | INFO | Train  | loss 0.0872 | dice 0.8771
2026-02-10 00:20:51 | INFO | Val    | loss 0.0844 | dice 0.8757
2026-02-10 00:20:52 | INFO | Current LR 0.000033
2026-02-10 00:20:52 | INFO | ----------------------------------------
2026-02-10 00:20:52 | INFO | Epoch 51 / 300
2026-02-10 00:26:30 | INFO | Train  | loss 0.0779 | dice 0.8827
2026-02-10 00:27:50 | INFO | Val    | loss 0.0823 | dice 0.8782
2026-02-10 00:27:50 | INFO | Current LR 0.000033
2026-02-10 00:27:50 | INFO | ----------------------------------------
2026-02-10 00:27:50 | INFO | Epoch 52 / 300
2026-02-10 00:33:27 | INFO | Train  | loss 0.0785 | dice 0.8815
2026-02-10 00:34:47 | INFO | Val    | loss 0.0794 | dice 0.8826
2026-02-10 00:34:49 | INFO | Saved new best model (epoch 52)
2026-02-10 00:34:49 | INFO | Current LR 0.000033
2026-02-10 00:34:49 | INFO | ----------------------------------------
2026-02-10 00:34:49 | INFO | Epoch 53 / 300
2026-02-10 00:40:26 | INFO | Train  | loss 0.0770 | dice 0.8877
2026-02-10 00:41:47 | INFO | Val    | loss 0.0823 | dice 0.8776
2026-02-10 00:41:47 | INFO | Current LR 0.000033
2026-02-10 00:41:47 | INFO | ----------------------------------------
2026-02-10 00:41:47 | INFO | Epoch 54 / 300
2026-02-10 00:47:25 | INFO | Train  | loss 0.0791 | dice 0.8835
2026-02-10 00:48:45 | INFO | Val    | loss 0.0812 | dice 0.8794
2026-02-10 00:48:45 | INFO | Current LR 0.000033
2026-02-10 00:48:45 | INFO | ----------------------------------------
2026-02-10 00:48:45 | INFO | Epoch 55 / 300
2026-02-10 00:54:22 | INFO | Train  | loss 0.0775 | dice 0.8856
2026-02-10 00:55:42 | INFO | Val    | loss 0.0808 | dice 0.8800
2026-02-10 00:55:42 | INFO | Current LR 0.000033
2026-02-10 00:55:42 | INFO | ----------------------------------------
2026-02-10 00:55:42 | INFO | Epoch 56 / 300
2026-02-10 01:01:20 | INFO | Train  | loss 0.0868 | dice 0.8737
2026-02-10 01:02:40 | INFO | Val    | loss 0.0885 | dice 0.8702
2026-02-10 01:02:40 | INFO | Current LR 0.000033
2026-02-10 01:02:40 | INFO | ----------------------------------------
2026-02-10 01:02:40 | INFO | Epoch 57 / 300
2026-02-10 01:08:18 | INFO | Train  | loss 0.0845 | dice 0.8795
2026-02-10 01:09:38 | INFO | Val    | loss 0.0811 | dice 0.8796
2026-02-10 01:09:38 | INFO | Current LR 0.000033
2026-02-10 01:09:38 | INFO | ----------------------------------------
2026-02-10 01:09:38 | INFO | Epoch 58 / 300
2026-02-10 01:15:15 | INFO | Train  | loss 0.0768 | dice 0.8855
2026-02-10 01:16:35 | INFO | Val    | loss 0.0816 | dice 0.8794
2026-02-10 01:16:35 | INFO | Current LR 0.000033
2026-02-10 01:16:35 | INFO | ----------------------------------------
2026-02-10 01:16:35 | INFO | Epoch 59 / 300
2026-02-10 01:22:13 | INFO | Train  | loss 0.0785 | dice 0.8882
2026-02-10 01:23:33 | INFO | Val    | loss 0.0824 | dice 0.8778
2026-02-10 01:23:33 | INFO | Current LR 0.000033
2026-02-10 01:23:33 | INFO | ----------------------------------------
2026-02-10 01:23:33 | INFO | Epoch 60 / 300
2026-02-10 01:29:11 | INFO | Train  | loss 0.0747 | dice 0.8871
2026-02-10 01:30:31 | INFO | Val    | loss 0.0786 | dice 0.8827
2026-02-10 01:30:32 | INFO | Saved new best model (epoch 60)
2026-02-10 01:30:32 | INFO | Current LR 0.000026
2026-02-10 01:30:32 | INFO | ----------------------------------------
2026-02-10 01:30:32 | INFO | Epoch 61 / 300
2026-02-10 01:36:10 | INFO | Train  | loss 0.0704 | dice 0.8931
2026-02-10 01:37:30 | INFO | Val    | loss 0.0755 | dice 0.8877
2026-02-10 01:37:31 | INFO | Saved new best model (epoch 61)
2026-02-10 01:37:31 | INFO | Current LR 0.000026
2026-02-10 01:37:31 | INFO | ----------------------------------------
2026-02-10 01:37:31 | INFO | Epoch 62 / 300
2026-02-10 01:43:09 | INFO | Train  | loss 0.0712 | dice 0.8881
2026-02-10 01:44:29 | INFO | Val    | loss 0.0764 | dice 0.8859
2026-02-10 01:44:29 | INFO | Current LR 0.000026
2026-02-10 01:44:29 | INFO | ----------------------------------------
2026-02-10 01:44:29 | INFO | Epoch 63 / 300
2026-02-10 01:50:07 | INFO | Train  | loss 0.0763 | dice 0.8915
2026-02-10 01:51:27 | INFO | Val    | loss 0.0835 | dice 0.8750
2026-02-10 01:51:27 | INFO | Current LR 0.000026
2026-02-10 01:51:27 | INFO | ----------------------------------------
2026-02-10 01:51:27 | INFO | Epoch 64 / 300
2026-02-10 01:57:05 | INFO | Train  | loss 0.0764 | dice 0.8835
2026-02-10 01:58:25 | INFO | Val    | loss 0.0802 | dice 0.8808
2026-02-10 01:58:25 | INFO | Current LR 0.000026
2026-02-10 01:58:25 | INFO | ----------------------------------------
2026-02-10 01:58:25 | INFO | Epoch 65 / 300
2026-02-10 02:04:03 | INFO | Train  | loss 0.0700 | dice 0.8928
2026-02-10 02:05:23 | INFO | Val    | loss 0.0776 | dice 0.8843
2026-02-10 02:05:23 | INFO | Current LR 0.000026
2026-02-10 02:05:23 | INFO | ----------------------------------------
2026-02-10 02:05:23 | INFO | Epoch 66 / 300
2026-02-10 02:11:01 | INFO | Train  | loss 0.0736 | dice 0.8908
2026-02-10 02:12:21 | INFO | Val    | loss 0.0780 | dice 0.8833
2026-02-10 02:12:21 | INFO | Current LR 0.000026
2026-02-10 02:12:21 | INFO | ----------------------------------------
2026-02-10 02:12:21 | INFO | Epoch 67 / 300
2026-02-10 02:17:59 | INFO | Train  | loss 0.0713 | dice 0.8896
2026-02-10 02:19:19 | INFO | Val    | loss 0.0778 | dice 0.8839
2026-02-10 02:19:19 | INFO | Current LR 0.000026
2026-02-10 02:19:19 | INFO | ----------------------------------------
2026-02-10 02:19:19 | INFO | Epoch 68 / 300
2026-02-10 02:24:57 | INFO | Train  | loss 0.0742 | dice 0.8939
2026-02-10 02:26:17 | INFO | Val    | loss 0.0774 | dice 0.8842
2026-02-10 02:26:17 | INFO | Current LR 0.000026
2026-02-10 02:26:17 | INFO | ----------------------------------------
2026-02-10 02:26:17 | INFO | Epoch 69 / 300
2026-02-10 02:31:55 | INFO | Train  | loss 0.0728 | dice 0.8946
2026-02-10 02:33:15 | INFO | Val    | loss 0.0771 | dice 0.8848
2026-02-10 02:33:15 | INFO | Current LR 0.000026
2026-02-10 02:33:15 | INFO | ----------------------------------------
2026-02-10 02:33:15 | INFO | Epoch 70 / 300
2026-02-10 02:38:53 | INFO | Train  | loss 0.0710 | dice 0.8947
2026-02-10 02:40:13 | INFO | Val    | loss 0.0815 | dice 0.8777
2026-02-10 02:40:13 | INFO | Current LR 0.000021
2026-02-10 02:40:13 | INFO | ----------------------------------------
2026-02-10 02:40:13 | INFO | Epoch 71 / 300
2026-02-10 02:45:51 | INFO | Train  | loss 0.0711 | dice 0.8899
2026-02-10 02:47:11 | INFO | Val    | loss 0.0745 | dice 0.8880
2026-02-10 02:47:12 | INFO | Saved new best model (epoch 71)
2026-02-10 02:47:12 | INFO | Current LR 0.000021
2026-02-10 02:47:12 | INFO | ----------------------------------------
2026-02-10 02:47:12 | INFO | Epoch 72 / 300
2026-02-10 02:52:50 | INFO | Train  | loss 0.0679 | dice 0.8954
2026-02-10 02:54:10 | INFO | Val    | loss 0.0754 | dice 0.8870
2026-02-10 02:54:10 | INFO | Current LR 0.000021
2026-02-10 02:54:10 | INFO | ----------------------------------------
2026-02-10 02:54:10 | INFO | Epoch 73 / 300
2026-02-10 02:59:48 | INFO | Train  | loss 0.0762 | dice 0.8884
2026-02-10 03:01:09 | INFO | Val    | loss 0.0772 | dice 0.8844
2026-02-10 03:01:09 | INFO | Current LR 0.000021
2026-02-10 03:01:09 | INFO | ----------------------------------------
2026-02-10 03:01:09 | INFO | Epoch 74 / 300
2026-02-10 03:06:46 | INFO | Train  | loss 0.0689 | dice 0.8929
2026-02-10 03:08:06 | INFO | Val    | loss 0.0735 | dice 0.8898
2026-02-10 03:08:08 | INFO | Saved new best model (epoch 74)
2026-02-10 03:08:08 | INFO | Current LR 0.000021
2026-02-10 03:08:08 | INFO | ----------------------------------------
2026-02-10 03:08:08 | INFO | Epoch 75 / 300
2026-02-10 03:13:45 | INFO | Train  | loss 0.0718 | dice 0.8954
2026-02-10 03:15:06 | INFO | Val    | loss 0.0776 | dice 0.8839
2026-02-10 03:15:06 | INFO | Current LR 0.000021
2026-02-10 03:15:06 | INFO | ----------------------------------------
2026-02-10 03:15:06 | INFO | Epoch 76 / 300
2026-02-10 03:20:44 | INFO | Train  | loss 0.0656 | dice 0.8953
2026-02-10 03:22:04 | INFO | Val    | loss 0.0756 | dice 0.8873
2026-02-10 03:22:04 | INFO | Current LR 0.000021
2026-02-10 03:22:04 | INFO | ----------------------------------------
2026-02-10 03:22:04 | INFO | Epoch 77 / 300
2026-02-10 03:27:41 | INFO | Train  | loss 0.0651 | dice 0.8990
2026-02-10 03:29:01 | INFO | Val    | loss 0.0746 | dice 0.8879
2026-02-10 03:29:01 | INFO | Current LR 0.000021
2026-02-10 03:29:01 | INFO | ----------------------------------------
2026-02-10 03:29:01 | INFO | Epoch 78 / 300
2026-02-10 03:34:40 | INFO | Train  | loss 0.0740 | dice 0.8946
2026-02-10 03:36:00 | INFO | Val    | loss 0.0751 | dice 0.8868
2026-02-10 03:36:00 | INFO | Current LR 0.000021
2026-02-10 03:36:00 | INFO | ----------------------------------------
2026-02-10 03:36:00 | INFO | Epoch 79 / 300
2026-02-10 03:41:38 | INFO | Train  | loss 0.0696 | dice 0.8965
2026-02-10 03:42:58 | INFO | Val    | loss 0.0767 | dice 0.8848
2026-02-10 03:42:58 | INFO | Current LR 0.000021
2026-02-10 03:42:58 | INFO | ----------------------------------------
2026-02-10 03:42:58 | INFO | Epoch 80 / 300
2026-02-10 03:48:36 | INFO | Train  | loss 0.0672 | dice 0.8949
2026-02-10 03:49:57 | INFO | Val    | loss 0.0770 | dice 0.8846
2026-02-10 03:49:57 | INFO | Current LR 0.000017
2026-02-10 03:49:57 | INFO | ----------------------------------------
2026-02-10 03:49:57 | INFO | Epoch 81 / 300
2026-02-10 03:55:35 | INFO | Train  | loss 0.0645 | dice 0.8967
2026-02-10 03:56:55 | INFO | Val    | loss 0.0757 | dice 0.8860
2026-02-10 03:56:55 | INFO | Current LR 0.000017
2026-02-10 03:56:55 | INFO | ----------------------------------------
2026-02-10 03:56:55 | INFO | Epoch 82 / 300
2026-02-10 04:02:33 | INFO | Train  | loss 0.0697 | dice 0.8913
2026-02-10 04:03:53 | INFO | Val    | loss 0.0758 | dice 0.8868
2026-02-10 04:03:54 | INFO | Current LR 0.000017
2026-02-10 04:03:54 | INFO | ----------------------------------------
2026-02-10 04:03:54 | INFO | Epoch 83 / 300
2026-02-10 04:09:32 | INFO | Train  | loss 0.0649 | dice 0.9002
2026-02-10 04:10:52 | INFO | Val    | loss 0.0747 | dice 0.8877
2026-02-10 04:10:52 | INFO | Current LR 0.000017
2026-02-10 04:10:52 | INFO | ----------------------------------------
2026-02-10 04:10:52 | INFO | Epoch 84 / 300
2026-02-10 04:16:30 | INFO | Train  | loss 0.0654 | dice 0.9013
2026-02-10 04:17:50 | INFO | Val    | loss 0.0751 | dice 0.8875
2026-02-10 04:17:50 | INFO | Current LR 0.000017
2026-02-10 04:17:51 | INFO | ----------------------------------------
2026-02-10 04:17:51 | INFO | Epoch 85 / 300
2026-02-10 04:23:29 | INFO | Train  | loss 0.0686 | dice 0.8952
2026-02-10 04:24:49 | INFO | Val    | loss 0.0743 | dice 0.8881
2026-02-10 04:24:49 | INFO | Current LR 0.000017
2026-02-10 04:24:49 | INFO | ----------------------------------------
2026-02-10 04:24:49 | INFO | Epoch 86 / 300
2026-02-10 04:30:27 | INFO | Train  | loss 0.0663 | dice 0.8986
2026-02-10 04:31:47 | INFO | Val    | loss 0.0743 | dice 0.8882
2026-02-10 04:31:47 | INFO | Current LR 0.000017
2026-02-10 04:31:47 | INFO | ----------------------------------------
2026-02-10 04:31:47 | INFO | Epoch 87 / 300
2026-02-10 04:37:26 | INFO | Train  | loss 0.0669 | dice 0.8993
2026-02-10 04:38:46 | INFO | Val    | loss 0.0764 | dice 0.8860
2026-02-10 04:38:46 | INFO | Current LR 0.000017
2026-02-10 04:38:46 | INFO | ----------------------------------------
2026-02-10 04:38:46 | INFO | Epoch 88 / 300
2026-02-10 04:44:25 | INFO | Train  | loss 0.0620 | dice 0.9003
2026-02-10 04:45:45 | INFO | Val    | loss 0.0749 | dice 0.8875
2026-02-10 04:45:45 | INFO | Current LR 0.000017
2026-02-10 04:45:45 | INFO | ----------------------------------------
2026-02-10 04:45:45 | INFO | Epoch 89 / 300
2026-02-10 04:51:24 | INFO | Train  | loss 0.0605 | dice 0.9028
2026-02-10 04:52:44 | INFO | Val    | loss 0.0755 | dice 0.8873
2026-02-10 04:52:44 | INFO | Current LR 0.000017
2026-02-10 04:52:44 | INFO | ----------------------------------------
2026-02-10 04:52:44 | INFO | Epoch 90 / 300
2026-02-10 04:58:22 | INFO | Train  | loss 0.0669 | dice 0.9012
2026-02-10 04:59:42 | INFO | Val    | loss 0.0737 | dice 0.8892
2026-02-10 04:59:42 | INFO | Current LR 0.000013
2026-02-10 04:59:42 | INFO | ----------------------------------------
2026-02-10 04:59:42 | INFO | Epoch 91 / 300
2026-02-10 05:05:21 | INFO | Train  | loss 0.0672 | dice 0.8969
2026-02-10 05:06:41 | INFO | Val    | loss 0.0756 | dice 0.8870
2026-02-10 05:06:41 | INFO | Current LR 0.000013
2026-02-10 05:06:41 | INFO | ----------------------------------------
2026-02-10 05:06:41 | INFO | Epoch 92 / 300
2026-02-10 05:12:20 | INFO | Train  | loss 0.0635 | dice 0.8982
2026-02-10 05:13:40 | INFO | Val    | loss 0.0742 | dice 0.8888
2026-02-10 05:13:40 | INFO | Current LR 0.000013
2026-02-10 05:13:40 | INFO | ----------------------------------------
2026-02-10 05:13:40 | INFO | Epoch 93 / 300
2026-02-10 05:19:18 | INFO | Train  | loss 0.0624 | dice 0.8992
2026-02-10 05:20:38 | INFO | Val    | loss 0.0763 | dice 0.8855
2026-02-10 05:20:38 | INFO | Current LR 0.000013
2026-02-10 05:20:38 | INFO | ----------------------------------------
2026-02-10 05:20:38 | INFO | Epoch 94 / 300
2026-02-10 05:26:17 | INFO | Train  | loss 0.0660 | dice 0.8983
2026-02-10 05:27:37 | INFO | Val    | loss 0.0745 | dice 0.8878
2026-02-10 05:27:37 | INFO | Current LR 0.000013
2026-02-10 05:27:37 | INFO | ----------------------------------------
2026-02-10 05:27:37 | INFO | Epoch 95 / 300
2026-02-10 05:33:16 | INFO | Train  | loss 0.0632 | dice 0.8969
2026-02-10 05:34:36 | INFO | Val    | loss 0.0747 | dice 0.8873
2026-02-10 05:34:36 | INFO | Current LR 0.000013
2026-02-10 05:34:36 | INFO | ----------------------------------------
2026-02-10 05:34:36 | INFO | Epoch 96 / 300
2026-02-10 05:40:14 | INFO | Train  | loss 0.0640 | dice 0.9031
2026-02-10 05:41:35 | INFO | Val    | loss 0.0754 | dice 0.8863
2026-02-10 05:41:35 | INFO | Current LR 0.000013
2026-02-10 05:41:35 | INFO | ----------------------------------------
2026-02-10 05:41:35 | INFO | Epoch 97 / 300
2026-02-10 05:47:13 | INFO | Train  | loss 0.0594 | dice 0.9040
2026-02-10 05:48:33 | INFO | Val    | loss 0.0753 | dice 0.8873
2026-02-10 05:48:33 | INFO | Current LR 0.000013
2026-02-10 05:48:33 | INFO | ----------------------------------------
2026-02-10 05:48:33 | INFO | Epoch 98 / 300
2026-02-10 05:54:12 | INFO | Train  | loss 0.0610 | dice 0.9012
2026-02-10 05:55:33 | INFO | Val    | loss 0.0749 | dice 0.8875
2026-02-10 05:55:33 | INFO | Current LR 0.000013
2026-02-10 05:55:33 | INFO | ----------------------------------------
2026-02-10 05:55:33 | INFO | Epoch 99 / 300
2026-02-10 06:01:11 | INFO | Train  | loss 0.0630 | dice 0.9036
2026-02-10 06:02:31 | INFO | Val    | loss 0.0753 | dice 0.8870
2026-02-10 06:02:31 | INFO | Current LR 0.000013
2026-02-10 06:02:31 | INFO | ----------------------------------------
2026-02-10 06:02:31 | INFO | Epoch 100 / 300
2026-02-10 06:08:09 | INFO | Train  | loss 0.0591 | dice 0.9077
2026-02-10 06:09:30 | INFO | Val    | loss 0.0758 | dice 0.8856
2026-02-10 06:09:30 | INFO | Current LR 0.000011
2026-02-10 06:09:30 | INFO | ----------------------------------------
2026-02-10 06:09:30 | INFO | Epoch 101 / 300
2026-02-10 06:15:08 | INFO | Train  | loss 0.0668 | dice 0.8974
2026-02-10 06:16:28 | INFO | Val    | loss 0.0756 | dice 0.8864
2026-02-10 06:16:28 | INFO | Current LR 0.000011
2026-02-10 06:16:28 | INFO | ----------------------------------------
2026-02-10 06:16:28 | INFO | Epoch 102 / 300
2026-02-10 06:22:07 | INFO | Train  | loss 0.0600 | dice 0.9055
2026-02-10 06:23:27 | INFO | Val    | loss 0.0777 | dice 0.8834
2026-02-10 06:23:27 | INFO | Current LR 0.000011
2026-02-10 06:23:27 | INFO | ----------------------------------------
2026-02-10 06:23:27 | INFO | Epoch 103 / 300
2026-02-10 06:29:05 | INFO | Train  | loss 0.0606 | dice 0.9072
2026-02-10 06:30:26 | INFO | Val    | loss 0.0744 | dice 0.8885
2026-02-10 06:30:26 | INFO | Current LR 0.000011
2026-02-10 06:30:26 | INFO | ----------------------------------------
2026-02-10 06:30:26 | INFO | Epoch 104 / 300
2026-02-10 06:36:04 | INFO | Train  | loss 0.0604 | dice 0.9076
2026-02-10 06:37:24 | INFO | Val    | loss 0.0735 | dice 0.8893
2026-02-10 06:37:24 | INFO | Early stopping triggered (patience 30).
2026-02-10 06:37:24 | INFO | Training done. Best val dice 0.8898 at epoch 74
nnUNet-Direct training completed successfully
