Train samples: 288
Val samples:   48
Test samples:  45
[EarlyFusion2 LinearMix nnUNet] Total params: 31,190,957 (~31.19M) | Trainable: 31,190,957 (~31.19M)
Initial fusion weights: {'wet_weight': 0.5, 'dry_weight': 0.5, 'bias': 0.0}
================================================================================
Experiment directory: /net/fs-2/scale/OrionStore/Projects/WaiKnotCT/FullData/Multimodal/Fusion/EarlyFusion2/Model
Device: cuda:0
Epochs: 300, AMP: True, Accum steps: 2
Validate every: 1, Patience: 30
================================================================================
Epoch 001/300 | train loss 1.2109 | val loss 1.1741 | val metric 0.2568 | lr 0.0001 | time 491.6s | best 0.2568 at epoch 001
Epoch 002/300 | train loss 1.1096 | val loss 1.0868 | val metric 0.6960 | lr 0.0001 | time 486.3s | best 0.6960 at epoch 002
Epoch 003/300 | train loss 1.0260 | val loss 0.9764 | val metric 0.8086 | lr 0.0001 | time 481.0s | best 0.8086 at epoch 003
Epoch 004/300 | train loss 0.9356 | val loss 0.9138 | val metric 0.7926 | lr 0.0001 | time 471.4s | best 0.8086 at epoch 003
Epoch 005/300 | train loss 0.8415 | val loss 0.8655 | val metric 0.7735 | lr 0.0001 | time 471.8s | best 0.8086 at epoch 003
Epoch 006/300 | train loss 0.7574 | val loss 0.7548 | val metric 0.8613 | lr 0.0001 | time 476.5s | best 0.8613 at epoch 006
Epoch 007/300 | train loss 0.6930 | val loss 0.6575 | val metric 0.8556 | lr 0.0001 | time 473.5s | best 0.8613 at epoch 006
Epoch 008/300 | train loss 0.6266 | val loss 0.6343 | val metric 0.7579 | lr 0.0001 | time 471.6s | best 0.8613 at epoch 006
Epoch 009/300 | train loss 0.5826 | val loss 0.5316 | val metric 0.8772 | lr 0.0001 | time 477.0s | best 0.8772 at epoch 009
Epoch 010/300 | train loss 0.5167 | val loss 0.4869 | val metric 0.8720 | lr 8e-05 | time 472.7s | best 0.8772 at epoch 009
Epoch 011/300 | train loss 0.4671 | val loss 0.4152 | val metric 0.8793 | lr 8e-05 | time 477.8s | best 0.8793 at epoch 011
Epoch 012/300 | train loss 0.4340 | val loss 0.3779 | val metric 0.8669 | lr 8e-05 | time 473.2s | best 0.8793 at epoch 011
Epoch 013/300 | train loss 0.3930 | val loss 0.3783 | val metric 0.8448 | lr 8e-05 | time 473.0s | best 0.8793 at epoch 011
Epoch 014/300 | train loss 0.3623 | val loss 0.3140 | val metric 0.8496 | lr 8e-05 | time 473.1s | best 0.8793 at epoch 011
Epoch 015/300 | train loss 0.3318 | val loss 0.3113 | val metric 0.8776 | lr 8e-05 | time 473.6s | best 0.8793 at epoch 011
Epoch 016/300 | train loss 0.3063 | val loss 0.2563 | val metric 0.8823 | lr 8e-05 | time 477.2s | best 0.8823 at epoch 016
Epoch 017/300 | train loss 0.2684 | val loss 0.2953 | val metric 0.8436 | lr 8e-05 | time 472.6s | best 0.8823 at epoch 016
Epoch 018/300 | train loss 0.2375 | val loss 0.1963 | val metric 0.8758 | lr 8e-05 | time 473.8s | best 0.8823 at epoch 016
Epoch 019/300 | train loss 0.2084 | val loss 0.1760 | val metric 0.8448 | lr 8e-05 | time 472.5s | best 0.8823 at epoch 016
Epoch 020/300 | train loss 0.1952 | val loss 0.1951 | val metric 0.8838 | lr 6.4e-05 | time 477.8s | best 0.8838 at epoch 020
Epoch 021/300 | train loss 0.1720 | val loss 0.1497 | val metric 0.8806 | lr 6.4e-05 | time 473.1s | best 0.8838 at epoch 020
Epoch 022/300 | train loss 0.1604 | val loss 0.1634 | val metric 0.8717 | lr 6.4e-05 | time 476.8s | best 0.8838 at epoch 020
Epoch 023/300 | train loss 0.1731 | val loss 0.1455 | val metric 0.8718 | lr 6.4e-05 | time 481.2s | best 0.8838 at epoch 020
Epoch 024/300 | train loss 0.1449 | val loss 0.1275 | val metric 0.8700 | lr 6.4e-05 | time 479.0s | best 0.8838 at epoch 020
Epoch 025/300 | train loss 0.1310 | val loss 0.1221 | val metric 0.8759 | lr 6.4e-05 | time 479.0s | best 0.8838 at epoch 020
Epoch 026/300 | train loss 0.1285 | val loss 0.1279 | val metric 0.8970 | lr 6.4e-05 | time 483.3s | best 0.8970 at epoch 026
Epoch 027/300 | train loss 0.1173 | val loss 0.1392 | val metric 0.8861 | lr 6.4e-05 | time 480.4s | best 0.8970 at epoch 026
Epoch 028/300 | train loss 0.1056 | val loss 0.1170 | val metric 0.8920 | lr 6.4e-05 | time 480.3s | best 0.8970 at epoch 026
Epoch 029/300 | train loss 0.0986 | val loss 0.1096 | val metric 0.8389 | lr 6.4e-05 | time 479.7s | best 0.8970 at epoch 026
Epoch 030/300 | train loss 0.1053 | val loss 0.1236 | val metric 0.8826 | lr 5.12e-05 | time 479.6s | best 0.8970 at epoch 026
Epoch 031/300 | train loss 0.0987 | val loss 0.1041 | val metric 0.8763 | lr 5.12e-05 | time 479.4s | best 0.8970 at epoch 026
Epoch 032/300 | train loss 0.0894 | val loss 0.0978 | val metric 0.8580 | lr 5.12e-05 | time 482.9s | best 0.8970 at epoch 026
Epoch 033/300 | train loss 0.0866 | val loss 0.1013 | val metric 0.8806 | lr 5.12e-05 | time 479.0s | best 0.8970 at epoch 026
Epoch 034/300 | train loss 0.0783 | val loss 0.0958 | val metric 0.8836 | lr 5.12e-05 | time 479.9s | best 0.8970 at epoch 026
Epoch 035/300 | train loss 0.0822 | val loss 0.0962 | val metric 0.8517 | lr 5.12e-05 | time 479.2s | best 0.8970 at epoch 026
Epoch 036/300 | train loss 0.0736 | val loss 0.0932 | val metric 0.8502 | lr 5.12e-05 | time 480.4s | best 0.8970 at epoch 026
Epoch 037/300 | train loss 0.0844 | val loss 0.0890 | val metric 0.8674 | lr 5.12e-05 | time 478.6s | best 0.8970 at epoch 026
Epoch 038/300 | train loss 0.0945 | val loss 0.0960 | val metric 0.8951 | lr 5.12e-05 | time 480.0s | best 0.8970 at epoch 026
Epoch 039/300 | train loss 0.0734 | val loss 0.0861 | val metric 0.8757 | lr 5.12e-05 | time 478.9s | best 0.8970 at epoch 026
Epoch 040/300 | train loss 0.0713 | val loss 0.0815 | val metric 0.8963 | lr 4.096e-05 | time 479.0s | best 0.8970 at epoch 026
Epoch 041/300 | train loss 0.0761 | val loss 0.0894 | val metric 0.8955 | lr 4.096e-05 | time 478.4s | best 0.8970 at epoch 026
Epoch 042/300 | train loss 0.0770 | val loss 0.0881 | val metric 0.8596 | lr 4.096e-05 | time 478.5s | best 0.8970 at epoch 026
Epoch 043/300 | train loss 0.0718 | val loss 0.0851 | val metric 0.8751 | lr 4.096e-05 | time 477.9s | best 0.8970 at epoch 026
Epoch 044/300 | train loss 0.0681 | val loss 0.0822 | val metric 0.8766 | lr 4.096e-05 | time 479.1s | best 0.8970 at epoch 026
Epoch 045/300 | train loss 0.0711 | val loss 0.0901 | val metric 0.8953 | lr 4.096e-05 | time 479.3s | best 0.8970 at epoch 026
Epoch 046/300 | train loss 0.0676 | val loss 0.0847 | val metric 0.9088 | lr 4.096e-05 | time 483.1s | best 0.9088 at epoch 046
Epoch 047/300 | train loss 0.0781 | val loss 0.0849 | val metric 0.8411 | lr 4.096e-05 | time 480.0s | best 0.9088 at epoch 046
Epoch 048/300 | train loss 0.0614 | val loss 0.0822 | val metric 0.8887 | lr 4.096e-05 | time 479.0s | best 0.9088 at epoch 046
Epoch 049/300 | train loss 0.0743 | val loss 0.0796 | val metric 0.8778 | lr 4.096e-05 | time 478.7s | best 0.9088 at epoch 046
Epoch 050/300 | train loss 0.0659 | val loss 0.0800 | val metric 0.8860 | lr 3.2768e-05 | time 480.0s | best 0.9088 at epoch 046
Epoch 051/300 | train loss 0.0611 | val loss 0.0792 | val metric 0.8650 | lr 3.2768e-05 | time 479.3s | best 0.9088 at epoch 046
Epoch 052/300 | train loss 0.0631 | val loss 0.0775 | val metric 0.8800 | lr 3.2768e-05 | time 478.6s | best 0.9088 at epoch 046
Epoch 053/300 | train loss 0.0628 | val loss 0.0790 | val metric 0.8759 | lr 3.2768e-05 | time 479.4s | best 0.9088 at epoch 046
Epoch 054/300 | train loss 0.0628 | val loss 0.0807 | val metric 0.8816 | lr 3.2768e-05 | time 479.1s | best 0.9088 at epoch 046
Epoch 055/300 | train loss 0.0564 | val loss 0.0752 | val metric 0.8706 | lr 3.2768e-05 | time 478.7s | best 0.9088 at epoch 046
Epoch 056/300 | train loss 0.0560 | val loss 0.0752 | val metric 0.8704 | lr 3.2768e-05 | time 478.5s | best 0.9088 at epoch 046
Epoch 057/300 | train loss 0.0602 | val loss 0.0776 | val metric 0.8801 | lr 3.2768e-05 | time 478.6s | best 0.9088 at epoch 046
Epoch 058/300 | train loss 0.0555 | val loss 0.0768 | val metric 0.8673 | lr 3.2768e-05 | time 478.2s | best 0.9088 at epoch 046
Epoch 059/300 | train loss 0.0558 | val loss 0.0777 | val metric 0.8764 | lr 3.2768e-05 | time 477.7s | best 0.9088 at epoch 046
Epoch 060/300 | train loss 0.0569 | val loss 0.0750 | val metric 0.8903 | lr 2.62144e-05 | time 479.4s | best 0.9088 at epoch 046
Epoch 061/300 | train loss 0.0546 | val loss 0.0750 | val metric 0.8710 | lr 2.62144e-05 | time 479.8s | best 0.9088 at epoch 046
Epoch 062/300 | train loss 0.0578 | val loss 0.0733 | val metric 0.8909 | lr 2.62144e-05 | time 479.0s | best 0.9088 at epoch 046
Epoch 063/300 | train loss 0.0510 | val loss 0.0717 | val metric 0.8963 | lr 2.62144e-05 | time 480.9s | best 0.9088 at epoch 046
Epoch 064/300 | train loss 0.0545 | val loss 0.0726 | val metric 0.8939 | lr 2.62144e-05 | time 479.5s | best 0.9088 at epoch 046
Epoch 065/300 | train loss 0.0585 | val loss 0.0835 | val metric 0.8746 | lr 2.62144e-05 | time 479.7s | best 0.9088 at epoch 046
Epoch 066/300 | train loss 0.0587 | val loss 0.0721 | val metric 0.9070 | lr 2.62144e-05 | time 479.5s | best 0.9088 at epoch 046
Epoch 067/300 | train loss 0.0540 | val loss 0.0755 | val metric 0.8964 | lr 2.62144e-05 | time 478.6s | best 0.9088 at epoch 046
Epoch 068/300 | train loss 0.0526 | val loss 0.0718 | val metric 0.8850 | lr 2.62144e-05 | time 478.9s | best 0.9088 at epoch 046
Epoch 069/300 | train loss 0.0561 | val loss 0.0712 | val metric 0.8950 | lr 2.62144e-05 | time 479.2s | best 0.9088 at epoch 046
Epoch 070/300 | train loss 0.0493 | val loss 0.0717 | val metric 0.9000 | lr 2.09715e-05 | time 479.2s | best 0.9088 at epoch 046
Epoch 071/300 | train loss 0.0518 | val loss 0.0694 | val metric 0.9050 | lr 2.09715e-05 | time 480.1s | best 0.9088 at epoch 046
Epoch 072/300 | train loss 0.0506 | val loss 0.0730 | val metric 0.9055 | lr 2.09715e-05 | time 479.8s | best 0.9088 at epoch 046
Epoch 073/300 | train loss 0.0489 | val loss 0.0717 | val metric 0.8922 | lr 2.09715e-05 | time 479.8s | best 0.9088 at epoch 046
Epoch 074/300 | train loss 0.0493 | val loss 0.0720 | val metric 0.9121 | lr 2.09715e-05 | time 483.5s | best 0.9121 at epoch 074
Epoch 075/300 | train loss 0.0560 | val loss 0.0725 | val metric 0.8835 | lr 2.09715e-05 | time 479.2s | best 0.9121 at epoch 074
Epoch 076/300 | train loss 0.0513 | val loss 0.0740 | val metric 0.8983 | lr 2.09715e-05 | time 480.0s | best 0.9121 at epoch 074
Epoch 077/300 | train loss 0.0511 | val loss 0.0689 | val metric 0.9014 | lr 2.09715e-05 | time 479.8s | best 0.9121 at epoch 074
Epoch 078/300 | train loss 0.0543 | val loss 0.0702 | val metric 0.8949 | lr 2.09715e-05 | time 480.2s | best 0.9121 at epoch 074
Epoch 079/300 | train loss 0.0527 | val loss 0.0741 | val metric 0.8898 | lr 2.09715e-05 | time 480.7s | best 0.9121 at epoch 074
Epoch 080/300 | train loss 0.0513 | val loss 0.0690 | val metric 0.9019 | lr 1.67772e-05 | time 479.4s | best 0.9121 at epoch 074
Epoch 081/300 | train loss 0.0515 | val loss 0.0676 | val metric 0.9156 | lr 1.67772e-05 | time 483.3s | best 0.9156 at epoch 081
Epoch 082/300 | train loss 0.0480 | val loss 0.0681 | val metric 0.9037 | lr 1.67772e-05 | time 479.6s | best 0.9156 at epoch 081
Epoch 083/300 | train loss 0.0591 | val loss 0.0782 | val metric 0.9048 | lr 1.67772e-05 | time 479.6s | best 0.9156 at epoch 081
Epoch 084/300 | train loss 0.0539 | val loss 0.0707 | val metric 0.9044 | lr 1.67772e-05 | time 480.2s | best 0.9156 at epoch 081
Epoch 085/300 | train loss 0.0458 | val loss 0.0689 | val metric 0.9057 | lr 1.67772e-05 | time 480.0s | best 0.9156 at epoch 081
Epoch 086/300 | train loss 0.0481 | val loss 0.0679 | val metric 0.9094 | lr 1.67772e-05 | time 479.2s | best 0.9156 at epoch 081
Epoch 087/300 | train loss 0.0503 | val loss 0.0672 | val metric 0.9115 | lr 1.67772e-05 | time 479.8s | best 0.9156 at epoch 081
Epoch 088/300 | train loss 0.0459 | val loss 0.0694 | val metric 0.9032 | lr 1.67772e-05 | time 480.3s | best 0.9156 at epoch 081
Epoch 089/300 | train loss 0.0477 | val loss 0.0673 | val metric 0.9166 | lr 1.67772e-05 | time 484.0s | best 0.9166 at epoch 089
Epoch 090/300 | train loss 0.0456 | val loss 0.0724 | val metric 0.8872 | lr 1.34218e-05 | time 479.3s | best 0.9166 at epoch 089
Epoch 091/300 | train loss 0.0450 | val loss 0.0675 | val metric 0.9072 | lr 1.34218e-05 | time 479.5s | best 0.9166 at epoch 089
Epoch 092/300 | train loss 0.0485 | val loss 0.0697 | val metric 0.9064 | lr 1.34218e-05 | time 480.0s | best 0.9166 at epoch 089
Epoch 093/300 | train loss 0.0506 | val loss 0.0690 | val metric 0.9072 | lr 1.34218e-05 | time 479.3s | best 0.9166 at epoch 089
Epoch 094/300 | train loss 0.0544 | val loss 0.0705 | val metric 0.8983 | lr 1.34218e-05 | time 480.0s | best 0.9166 at epoch 089
Epoch 095/300 | train loss 0.0477 | val loss 0.0683 | val metric 0.9054 | lr 1.34218e-05 | time 478.9s | best 0.9166 at epoch 089
Epoch 096/300 | train loss 0.0445 | val loss 0.0687 | val metric 0.9073 | lr 1.34218e-05 | time 478.7s | best 0.9166 at epoch 089
Epoch 097/300 | train loss 0.0525 | val loss 0.0683 | val metric 0.9087 | lr 1.34218e-05 | time 480.6s | best 0.9166 at epoch 089
Epoch 098/300 | train loss 0.0488 | val loss 0.0686 | val metric 0.9072 | lr 1.34218e-05 | time 480.8s | best 0.9166 at epoch 089
Epoch 099/300 | train loss 0.0532 | val loss 0.0682 | val metric 0.9080 | lr 1.34218e-05 | time 480.5s | best 0.9166 at epoch 089
Epoch 100/300 | train loss 0.0464 | val loss 0.0690 | val metric 0.9082 | lr 1.07374e-05 | time 482.3s | best 0.9166 at epoch 089
Epoch 101/300 | train loss 0.0451 | val loss 0.0664 | val metric 0.9171 | lr 1.07374e-05 | time 483.1s | best 0.9171 at epoch 101
Epoch 102/300 | train loss 0.0484 | val loss 0.0657 | val metric 0.9141 | lr 1.07374e-05 | time 479.4s | best 0.9171 at epoch 101
Epoch 103/300 | train loss 0.0459 | val loss 0.0683 | val metric 0.9081 | lr 1.07374e-05 | time 480.4s | best 0.9171 at epoch 101
Epoch 104/300 | train loss 0.0426 | val loss 0.0674 | val metric 0.9124 | lr 1.07374e-05 | time 480.8s | best 0.9171 at epoch 101
Epoch 105/300 | train loss 0.0436 | val loss 0.0679 | val metric 0.9093 | lr 1.07374e-05 | time 478.9s | best 0.9171 at epoch 101
Epoch 106/300 | train loss 0.0419 | val loss 0.0675 | val metric 0.9114 | lr 1.07374e-05 | time 479.4s | best 0.9171 at epoch 101
Epoch 107/300 | train loss 0.0457 | val loss 0.0677 | val metric 0.9101 | lr 1.07374e-05 | time 481.1s | best 0.9171 at epoch 101
Epoch 108/300 | train loss 0.0474 | val loss 0.0693 | val metric 0.9107 | lr 1.07374e-05 | time 480.8s | best 0.9171 at epoch 101
Epoch 109/300 | train loss 0.0445 | val loss 0.0694 | val metric 0.9048 | lr 1.07374e-05 | time 479.5s | best 0.9171 at epoch 101
Epoch 110/300 | train loss 0.0456 | val loss 0.0688 | val metric 0.9065 | lr 8.58993e-06 | time 480.4s | best 0.9171 at epoch 101
Epoch 111/300 | train loss 0.0422 | val loss 0.0660 | val metric 0.9221 | lr 8.58993e-06 | time 483.5s | best 0.9221 at epoch 111
Epoch 112/300 | train loss 0.0431 | val loss 0.0672 | val metric 0.9190 | lr 8.58993e-06 | time 479.1s | best 0.9221 at epoch 111
Epoch 113/300 | train loss 0.0424 | val loss 0.0685 | val metric 0.9119 | lr 8.58993e-06 | time 480.1s | best 0.9221 at epoch 111
Epoch 114/300 | train loss 0.0421 | val loss 0.0676 | val metric 0.9143 | lr 8.58993e-06 | time 479.1s | best 0.9221 at epoch 111
Epoch 115/300 | train loss 0.0466 | val loss 0.0669 | val metric 0.9122 | lr 8.58993e-06 | time 481.2s | best 0.9221 at epoch 111
Epoch 116/300 | train loss 0.0401 | val loss 0.0678 | val metric 0.9117 | lr 8.58993e-06 | time 479.6s | best 0.9221 at epoch 111
Epoch 117/300 | train loss 0.0432 | val loss 0.0688 | val metric 0.9110 | lr 8.58993e-06 | time 480.3s | best 0.9221 at epoch 111
Epoch 118/300 | train loss 0.0399 | val loss 0.0704 | val metric 0.9050 | lr 8.58993e-06 | time 479.2s | best 0.9221 at epoch 111
Epoch 119/300 | train loss 0.0401 | val loss 0.0680 | val metric 0.9137 | lr 8.58993e-06 | time 479.6s | best 0.9221 at epoch 111
Epoch 120/300 | train loss 0.0465 | val loss 0.0713 | val metric 0.9063 | lr 6.87195e-06 | time 479.2s | best 0.9221 at epoch 111
Epoch 121/300 | train loss 0.0466 | val loss 0.0696 | val metric 0.9135 | lr 6.87195e-06 | time 479.3s | best 0.9221 at epoch 111
Epoch 122/300 | train loss 0.0425 | val loss 0.0706 | val metric 0.9107 | lr 6.87195e-06 | time 479.4s | best 0.9221 at epoch 111
Epoch 123/300 | train loss 0.0441 | val loss 0.0701 | val metric 0.9106 | lr 6.87195e-06 | time 481.0s | best 0.9221 at epoch 111
Epoch 124/300 | train loss 0.0407 | val loss 0.0675 | val metric 0.9161 | lr 6.87195e-06 | time 479.4s | best 0.9221 at epoch 111
Epoch 125/300 | train loss 0.0420 | val loss 0.0699 | val metric 0.9043 | lr 6.87195e-06 | time 480.0s | best 0.9221 at epoch 111
Epoch 126/300 | train loss 0.0387 | val loss 0.0691 | val metric 0.9084 | lr 6.87195e-06 | time 479.1s | best 0.9221 at epoch 111
Epoch 127/300 | train loss 0.0408 | val loss 0.0681 | val metric 0.9162 | lr 6.87195e-06 | time 480.1s | best 0.9221 at epoch 111
Epoch 128/300 | train loss 0.0422 | val loss 0.0679 | val metric 0.9211 | lr 6.87195e-06 | time 479.8s | best 0.9221 at epoch 111
Epoch 129/300 | train loss 0.0422 | val loss 0.0693 | val metric 0.9173 | lr 6.87195e-06 | time 480.6s | best 0.9221 at epoch 111
Epoch 130/300 | train loss 0.0430 | val loss 0.0687 | val metric 0.9172 | lr 5.49756e-06 | time 481.2s | best 0.9221 at epoch 111
Epoch 131/300 | train loss 0.0390 | val loss 0.0706 | val metric 0.9111 | lr 5.49756e-06 | time 479.8s | best 0.9221 at epoch 111
Epoch 132/300 | train loss 0.0445 | val loss 0.0701 | val metric 0.9070 | lr 5.49756e-06 | time 479.8s | best 0.9221 at epoch 111
Epoch 133/300 | train loss 0.0426 | val loss 0.0676 | val metric 0.9162 | lr 5.49756e-06 | time 479.6s | best 0.9221 at epoch 111
Epoch 134/300 | train loss 0.0408 | val loss 0.0700 | val metric 0.9148 | lr 5.49756e-06 | time 479.6s | best 0.9221 at epoch 111
Epoch 135/300 | train loss 0.0378 | val loss 0.0674 | val metric 0.9180 | lr 5.49756e-06 | time 479.8s | best 0.9221 at epoch 111
Epoch 136/300 | train loss 0.0431 | val loss 0.0665 | val metric 0.9193 | lr 5.49756e-06 | time 480.0s | best 0.9221 at epoch 111
Epoch 137/300 | train loss 0.0419 | val loss 0.0679 | val metric 0.9151 | lr 5.49756e-06 | time 481.9s | best 0.9221 at epoch 111
Epoch 138/300 | train loss 0.0405 | val loss 0.0683 | val metric 0.9176 | lr 5.49756e-06 | time 480.4s | best 0.9221 at epoch 111
Epoch 139/300 | train loss 0.0403 | val loss 0.0695 | val metric 0.9165 | lr 5.49756e-06 | time 480.7s | best 0.9221 at epoch 111
Epoch 140/300 | train loss 0.0412 | val loss 0.0674 | val metric 0.9180 | lr 4.39805e-06 | time 480.6s | best 0.9221 at epoch 111
Epoch 141/300 | train loss 0.0426 | val loss 0.0681 | val metric 0.9187 | lr 4.39805e-06 | time 479.5s | best 0.9221 at epoch 111
Early stopping at epoch 141. No improvement for 30 validation checks.
================================================================================
Training finished. Best validation metric: 0.9221 at epoch 111
Best checkpoint: /net/fs-2/scale/OrionStore/Projects/WaiKnotCT/FullData/Multimodal/Fusion/EarlyFusion2/Model/checkpoints/best_model.pt
================================================================================
EarlyFusion2 training finished.
Best val metric: 0.9221 at epoch 111
Best model: /net/fs-2/scale/OrionStore/Projects/WaiKnotCT/FullData/Multimodal/Fusion/EarlyFusion2/Model/checkpoints/best_model.pt
Learned fusion weights at end: {'wet_weight': 0.23700456321239471, 'dry_weight': 0.741345226764679, 'bias': -0.03236982226371765}
